2022-08-12 19:07:52.389  INFO 109117 --- [restartedMain] com.example.demo.DemoApplication         : Starting DemoApplication using Java 11.0.16 on pop-os with PID 109117 (/home/daruuu/Documents/IntelliIDEAProjects/demo/target/classes started by daruuu in /home/daruuu/Documents/IntelliIDEAProjects/demo)
2022-08-12 19:07:52.390  INFO 109117 --- [restartedMain] com.example.demo.DemoApplication         : No active profile set, falling back to 1 default profile: "default"
2022-08-12 19:07:52.427  INFO 109117 --- [restartedMain] .e.DevToolsPropertyDefaultsPostProcessor : Devtools property defaults active! Set 'spring.devtools.add-properties' to 'false' to disable
2022-08-12 19:07:52.428  INFO 109117 --- [restartedMain] .e.DevToolsPropertyDefaultsPostProcessor : For additional web related logging consider setting the 'logging.level.web' property to 'DEBUG'
2022-08-12 19:07:52.988  INFO 109117 --- [restartedMain] o.s.b.w.embedded.tomcat.TomcatWebServer  : Tomcat initialized with port(s): 8080 (http)
2022-08-12 19:07:52.993  INFO 109117 --- [restartedMain] o.apache.catalina.core.StandardService   : Starting service [Tomcat]
2022-08-12 19:07:52.994  INFO 109117 --- [restartedMain] org.apache.catalina.core.StandardEngine  : Starting Servlet engine: [Apache Tomcat/9.0.65]
2022-08-12 19:07:53.025  INFO 109117 --- [restartedMain] o.a.c.c.C.[Tomcat].[localhost].[/]       : Initializing Spring embedded WebApplicationContext
2022-08-12 19:07:53.025  INFO 109117 --- [restartedMain] w.s.c.ServletWebServerApplicationContext : Root WebApplicationContext: initialization completed in 596 ms
2022-08-12 19:07:53.228  INFO 109117 --- [restartedMain] o.s.b.d.a.OptionalLiveReloadServer       : LiveReload server is running on port 35729
2022-08-12 19:07:53.255  INFO 109117 --- [restartedMain] o.s.b.w.embedded.tomcat.TomcatWebServer  : Tomcat started on port(s): 8080 (http) with context path ''
2022-08-12 19:07:53.267  INFO 109117 --- [restartedMain] com.example.demo.DemoApplication         : Started DemoApplication in 1.162 seconds (JVM running for 1.574)
2022-08-12 19:07:53.269  INFO 109117 --- [restartedMain] com.example.demo.DemoApplication         : An INFO Message
2022-08-12 19:07:53.270  WARN 109117 --- [restartedMain] com.example.demo.DemoApplication         : A WARN Message
2022-08-12 19:07:53.270 ERROR 109117 --- [restartedMain] com.example.demo.DemoApplication         : An ERROR Message
2022-08-12 19:26:04.869  INFO 118158 --- [restartedMain] com.example.demo.DemoApplication         : Starting DemoApplication using Java 11.0.16 on pop-os with PID 118158 (/home/daruuu/Documents/IntelliIDEAProjects/demo/target/classes started by daruuu in /home/daruuu/Documents/IntelliIDEAProjects/demo)
2022-08-12 19:26:04.871  INFO 118158 --- [restartedMain] com.example.demo.DemoApplication         : No active profile set, falling back to 1 default profile: "default"
2022-08-12 19:26:04.899  INFO 118158 --- [restartedMain] .e.DevToolsPropertyDefaultsPostProcessor : Devtools property defaults active! Set 'spring.devtools.add-properties' to 'false' to disable
2022-08-12 19:26:04.900  INFO 118158 --- [restartedMain] .e.DevToolsPropertyDefaultsPostProcessor : For additional web related logging consider setting the 'logging.level.web' property to 'DEBUG'
2022-08-12 19:26:05.389  INFO 118158 --- [restartedMain] o.s.b.w.embedded.tomcat.TomcatWebServer  : Tomcat initialized with port(s): 8080 (http)
2022-08-12 19:26:05.395  INFO 118158 --- [restartedMain] o.apache.catalina.core.StandardService   : Starting service [Tomcat]
2022-08-12 19:26:05.396  INFO 118158 --- [restartedMain] org.apache.catalina.core.StandardEngine  : Starting Servlet engine: [Apache Tomcat/9.0.65]
2022-08-12 19:26:05.422  INFO 118158 --- [restartedMain] o.a.c.c.C.[Tomcat].[localhost].[/]       : Initializing Spring embedded WebApplicationContext
2022-08-12 19:26:05.422  INFO 118158 --- [restartedMain] w.s.c.ServletWebServerApplicationContext : Root WebApplicationContext: initialization completed in 522 ms
2022-08-12 19:26:05.619  INFO 118158 --- [restartedMain] o.s.b.d.a.OptionalLiveReloadServer       : LiveReload server is running on port 35729
2022-08-12 19:26:05.645  INFO 118158 --- [restartedMain] o.s.b.w.embedded.tomcat.TomcatWebServer  : Tomcat started on port(s): 8080 (http) with context path ''
2022-08-12 19:26:05.654  INFO 118158 --- [restartedMain] com.example.demo.DemoApplication         : Started DemoApplication in 1.033 seconds (JVM running for 1.446)
2022-08-12 19:26:05.657  INFO 118158 --- [restartedMain] com.example.demo.DemoApplication         : An INFO Message
2022-08-12 19:26:05.657  WARN 118158 --- [restartedMain] com.example.demo.DemoApplication         : A WARN Message
2022-08-12 19:26:05.657 ERROR 118158 --- [restartedMain] com.example.demo.DemoApplication         : An ERROR Message
2022-08-12 19:38:44.237  INFO 123737 --- [restartedMain] com.example.demo.DemoApplication         : Starting DemoApplication using Java 11.0.16 on pop-os with PID 123737 (/home/daruuu/Documents/IntelliIDEAProjects/demo/target/classes started by daruuu in /home/daruuu/Documents/IntelliIDEAProjects/demo)
2022-08-12 19:38:44.238  INFO 123737 --- [restartedMain] com.example.demo.DemoApplication         : No active profile set, falling back to 1 default profile: "default"
2022-08-12 19:38:44.290  INFO 123737 --- [restartedMain] .e.DevToolsPropertyDefaultsPostProcessor : Devtools property defaults active! Set 'spring.devtools.add-properties' to 'false' to disable
2022-08-12 19:38:44.291  INFO 123737 --- [restartedMain] .e.DevToolsPropertyDefaultsPostProcessor : For additional web related logging consider setting the 'logging.level.web' property to 'DEBUG'
2022-08-12 19:38:44.818  INFO 123737 --- [restartedMain] o.s.b.w.embedded.tomcat.TomcatWebServer  : Tomcat initialized with port(s): 8080 (http)
2022-08-12 19:38:44.823  INFO 123737 --- [restartedMain] o.apache.catalina.core.StandardService   : Starting service [Tomcat]
2022-08-12 19:38:44.824  INFO 123737 --- [restartedMain] org.apache.catalina.core.StandardEngine  : Starting Servlet engine: [Apache Tomcat/9.0.65]
2022-08-12 19:38:44.848  INFO 123737 --- [restartedMain] o.a.c.c.C.[Tomcat].[localhost].[/]       : Initializing Spring embedded WebApplicationContext
2022-08-12 19:38:44.849  INFO 123737 --- [restartedMain] w.s.c.ServletWebServerApplicationContext : Root WebApplicationContext: initialization completed in 557 ms
2022-08-12 19:38:45.037  INFO 123737 --- [restartedMain] o.s.b.d.a.OptionalLiveReloadServer       : LiveReload server is running on port 35729
2022-08-12 19:38:45.060  INFO 123737 --- [restartedMain] o.s.b.w.embedded.tomcat.TomcatWebServer  : Tomcat started on port(s): 8080 (http) with context path ''
2022-08-12 19:38:45.072  INFO 123737 --- [restartedMain] com.example.demo.DemoApplication         : Started DemoApplication in 1.153 seconds (JVM running for 1.723)
2022-08-12 19:38:45.074  INFO 123737 --- [restartedMain] com.example.demo.DemoApplication         : An INFO Message
2022-08-12 19:38:45.074  WARN 123737 --- [restartedMain] com.example.demo.DemoApplication         : A WARN Message
2022-08-12 19:38:45.074 ERROR 123737 --- [restartedMain] com.example.demo.DemoApplication         : An ERROR Message
